<?xml version="1.0" encoding="UTF-8"?>
<!-- Generated by org.testng.reporters.JUnitXMLReporter -->
<testsuite hostname="W7-PC" ignored="0" name="Default test" tests="5" failures="0" timestamp="03 Aug 2019 05:30:10 GMT" time="0.187" errors="0">
  <testcase name="test" time="0.031" classname="com.clc.testng.DataProviderTest"/>
  <testcase name="test" time="0.015" classname="com.clc.testng.DataProviderTest"/>
  <testcase name="test1" time="0.016" classname="com.clc.testng.DataProviderTest"/>
  <testcase name="test1" time="0.015" classname="com.clc.testng.DataProviderTest"/>
  <testcase name="test1" time="0.016" classname="com.clc.testng.DataProviderTest"/>
</testsuite> <!-- Default test -->
